{20:52:20.614} INFO: [Game]   > System locale is 'Br'
{20:52:20.615} INFO: [Game]   > Speech locale is 'Br'
{20:52:20.707} INFO: [System] > Build version: 6.2020.0422.1725
{20:52:20.707} INFO: [System] > [PID] 3020
{20:52:20.735} INFO: [System] > [CPU] vendor: AuthenticAMD, features: SSSE3 SSE4.1 SSE4.2 SSE4A AVX CX16 POPCNT LZCNT HTT, clock frequency: 3500.01MHz
{20:52:20.735} INFO: [System] > [CPU] CPUs: 1, Cores: 4, HT: Yes, Logical processors: 8
{20:52:20.765} INFO: [JobManager] > TM8a670b0e, dedicated worker threads: 1 + 5, num cpus: 8
{20:52:20.766} INFO: [ODE]        > [ode::dInitialize] SSE path
{20:52:21.586} INFO: [Renderer]   > [r_Initialize] Loaded from rd3d11_x64_rwdi.dll.
{20:52:21.586} INFO: [Renderer]   > Enumerating D3D11 video adapters:
{20:52:21.601} INFO: [Renderer]   > Adapter 1: Radeon(TM) RX 460 Graphics 2028MB/4095MB/0MB
{20:52:21.611} INFO: [Renderer]   |   Output 0: [0,0 - 1920,1080] \\.\DISPLAY1
{20:52:21.611} INFO: [Renderer]   > Adapter 2: Microsoft Basic Render Driver 0MB/4095MB/0MB
{20:52:21.723} INFO: [Renderer]   > Renderer started in DX11 mode.
{20:52:21.794} INFO: [Renderer]   > DDraw reported 4,088M free texture memory.
{20:52:22.444} INFO: [Renderer]   > Renderer: supported display modes:
{20:52:22.444} INFO: [Renderer]   |  640x480, bpp:24, hz:60.00, fmt: A8R8G8B8
{20:52:22.444} INFO: [Renderer]   |  640x480, bpp:24, hz:60.00, fmt: A8R8G8B8
{20:52:22.444} INFO: [Renderer]   |  640x480, bpp:24, hz:59.94, fmt: A8R8G8B8
{20:52:22.444} INFO: [Renderer]   |  640x480, bpp:24, hz:59.94, fmt: A8R8G8B8
{20:52:22.444} INFO: [Renderer]   |  800x600, bpp:24, hz:60.00, fmt: A8R8G8B8
{20:52:22.444} INFO: [Renderer]   |  800x600, bpp:24, hz:60.00, fmt: A8R8G8B8
{20:52:22.444} INFO: [Renderer]   |  800x600, bpp:24, hz:59.94, fmt: A8R8G8B8
{20:52:22.444} INFO: [Renderer]   |  800x600, bpp:24, hz:59.94, fmt: A8R8G8B8
{20:52:22.444} INFO: [Renderer]   |  832x624, bpp:24, hz:60.00, fmt: A8R8G8B8
{20:52:22.444} INFO: [Renderer]   |  832x624, bpp:24, hz:60.00, fmt: A8R8G8B8
{20:52:22.444} INFO: [Renderer]   |  832x624, bpp:24, hz:59.94, fmt: A8R8G8B8
{20:52:22.444} INFO: [Renderer]   |  832x624, bpp:24, hz:59.94, fmt: A8R8G8B8
{20:52:22.444} INFO: [Renderer]   |  1024x768, bpp:24, hz:60.00, fmt: A8R8G8B8
{20:52:22.444} INFO: [Renderer]   |  1024x768, bpp:24, hz:60.00, fmt: A8R8G8B8
{20:52:22.444} INFO: [Renderer]   |  1024x768, bpp:24, hz:59.94, fmt: A8R8G8B8
{20:52:22.444} INFO: [Renderer]   |  1024x768, bpp:24, hz:59.94, fmt: A8R8G8B8
{20:52:22.444} INFO: [Renderer]   |  1280x720, bpp:24, hz:60.00, fmt: A8R8G8B8
{20:52:22.444} INFO: [Renderer]   |  1280x720, bpp:24, hz:60.00, fmt: A8R8G8B8
{20:52:22.444} INFO: [Renderer]   |  1280x720, bpp:24, hz:59.94, fmt: A8R8G8B8
{20:52:22.444} INFO: [Renderer]   |  1280x720, bpp:24, hz:59.94, fmt: A8R8G8B8
{20:52:22.444} INFO: [Renderer]   |  1280x960, bpp:24, hz:60.00, fmt: A8R8G8B8
{20:52:22.445} INFO: [Renderer]   |  1280x960, bpp:24, hz:60.00, fmt: A8R8G8B8
{20:52:22.445} INFO: [Renderer]   |  1280x960, bpp:24, hz:59.94, fmt: A8R8G8B8
{20:52:22.445} INFO: [Renderer]   |  1280x960, bpp:24, hz:59.94, fmt: A8R8G8B8
{20:52:22.445} INFO: [Renderer]   |  1280x1024, bpp:24, hz:60.00, fmt: A8R8G8B8
{20:52:22.445} INFO: [Renderer]   |  1280x1024, bpp:24, hz:60.00, fmt: A8R8G8B8
{20:52:22.445} INFO: [Renderer]   |  1280x1024, bpp:24, hz:59.94, fmt: A8R8G8B8
{20:52:22.445} INFO: [Renderer]   |  1280x1024, bpp:24, hz:59.94, fmt: A8R8G8B8
{20:52:22.445} INFO: [Renderer]   |  1440x900, bpp:24, hz:60.00, fmt: A8R8G8B8
{20:52:22.445} INFO: [Renderer]   |  1440x900, bpp:24, hz:60.00, fmt: A8R8G8B8
{20:52:22.445} INFO: [Renderer]   |  1440x900, bpp:24, hz:59.94, fmt: A8R8G8B8
{20:52:22.445} INFO: [Renderer]   |  1440x900, bpp:24, hz:59.94, fmt: A8R8G8B8
{20:52:22.445} INFO: [Renderer]   |  1600x900, bpp:24, hz:60.00, fmt: A8R8G8B8
{20:52:22.445} INFO: [Renderer]   |  1600x900, bpp:24, hz:60.00, fmt: A8R8G8B8
{20:52:22.445} INFO: [Renderer]   |  1600x900, bpp:24, hz:59.94, fmt: A8R8G8B8
{20:52:22.445} INFO: [Renderer]   |  1600x900, bpp:24, hz:59.94, fmt: A8R8G8B8
{20:52:22.445} INFO: [Renderer]   |  1680x1050, bpp:24, hz:60.00, fmt: A8R8G8B8
{20:52:22.445} INFO: [Renderer]   |  1680x1050, bpp:24, hz:60.00, fmt: A8R8G8B8
{20:52:22.445} INFO: [Renderer]   |  1680x1050, bpp:24, hz:59.94, fmt: A8R8G8B8
{20:52:22.445} INFO: [Renderer]   |  1680x1050, bpp:24, hz:59.94, fmt: A8R8G8B8
{20:52:22.445} INFO: [Renderer]   |  1920x1080, bpp:24, hz:60.00, fmt: A8R8G8B8
{20:52:22.445} INFO: [Renderer]   |  1920x1080, bpp:24, hz:59.94, fmt: A8R8G8B8
{20:52:22.461} INFO: [INFO]       > Texture streaming lowest priority distance set to 100m
{20:52:22.480} INFO: [Renderer]   > WindowOffset 0 0
{20:52:22.756} DEBG: [DXGI]       > WM_SIZE 0, 1280x720
{20:52:22.756} INFO: [INFO]       > CGame::AppWindowInit: window client area: 0x0, 1280x720
{20:52:22.756} DEBG: [DXGI]       > [RChangeDeviceState] 1280x720, fullscreen, 60/1 Hz
{20:52:22.756} DEBG: [DXGI]       >                  was 0x0, fullscreen, 0/0 Hz
{20:52:22.759} DEBG: [DXGI]       > SetFullscreenState failed 0x887a0022
{20:52:22.760} INFO: [TexMgr]     > Max texture dimensions: 16384x16384x2048
{20:52:22.785} INFO: [MatMgr]     > Number of supported techniques: 61
{20:52:24.168} INFO: [MatMgr]     > Material pack 'optimized_dx11.mp' loaded.
{20:52:24.467} ERRR: [Parser]     > Param 2 in function glod() is not a float
{20:52:24.467} ERRR: [Parser]     > Param 2 in function glod() is not a float
{20:52:25.029} INFO: [INFO]       > Texture streaming buffer set to 400MB
{20:52:25.030} INFO: [Video]      > //Video settings:
{20:52:25.030} INFO: [Video]      > Resolution(1280,720)
{20:52:25.030} INFO: [Video]      > Fullscreen()
{20:52:25.030} INFO: [Video]      > Monitor(0)
{20:52:25.030} INFO: [Video]      > TextureQuality("Medium")
{20:52:25.030} INFO: [Video]      > VisRange(2.00, 2.00)
{20:52:25.031} INFO: [Video]      > ShadowMapSize(512)
{20:52:25.031} INFO: [Video]      > SpotShadowMapSize(512)
{20:52:25.031} INFO: [Video]      > GammaFloat(1.15)
{20:52:25.031} INFO: [Video]      > GrassQuality(1)
{20:52:25.031} INFO: [Video]      > AmbientOcclusion(0)
{20:52:25.031} INFO: [Video]      > MotionBlur(0)
{20:52:25.031} INFO: [Video]      > AntiAliasing(0)
{20:52:25.031} INFO: [Video]      > DisableDWM(1)
{20:52:25.031} INFO: [Video]      > 3dtvSettings(-0.150000, 0.000000)
{20:52:25.031} INFO: [Video]      > Version(1)
{20:52:25.031} INFO: [INFO]       > >>>>> Audio init
{20:52:25.202} INFO: [INFO]       > FMOD::Driver: Fone de ouvido do headset (CORSAIR VOID PRO SURROUND USB Sound Adapter)
{20:52:25.212} INFO: [INFO]       > DriverCaps: FMOD_CAPS_OUTPUT_MULTICHANNEL
{20:52:25.212} INFO: [INFO]       > DriverCaps: FMOD_CAPS_OUTPUT_FORMAT_PCM8
{20:52:25.213} INFO: [INFO]       > DriverCaps: FMOD_CAPS_OUTPUT_FORMAT_PCM16
{20:52:25.213} INFO: [INFO]       > DriverCaps: FMOD_CAPS_OUTPUT_FORMAT_PCM24
{20:52:25.213} INFO: [INFO]       > DriverCaps: FMOD_CAPS_OUTPUT_FORMAT_PCM32
{20:52:25.213} INFO: [INFO]       > DriverCaps: FMOD_CAPS_OUTPUT_FORMAT_PCMFLOAT
{20:52:25.754} INFO: [INFO]       > FMOD is using (8) output type.
{20:52:25.754} INFO: [INFO]       > FMOD Software Format Info:
{20:52:25.754} INFO: [INFO]       | 	Out Sample Rate: <48000>
{20:52:25.754} INFO: [INFO]       | 	Format: <5>
{20:52:25.754} INFO: [INFO]       | 	Out Channels: <8>
{20:52:25.754} INFO: [INFO]       | 	Max Input Channels: <8>
{20:52:25.754} INFO: [INFO]       | 	Bits: <32>
{20:52:25.754} INFO: [INFO]       > FMOD Mixer blocksize        = 21.33 ms
{20:52:25.754} INFO: [INFO]       > FMOD Mixer blocks count     = 4
{20:52:25.754} INFO: [INFO]       > FMOD Mixer Total buffer size = 85.33 ms
{20:52:25.754} INFO: [INFO]       > FMOD Mixer Average Latency  = 53.33 ms
{20:52:25.781} INFO: [Audio]      > //Audio settings:
{20:52:25.781} INFO: [Audio]      > API("FMOD")
{20:52:25.781} INFO: [Audio]      > MixFrequency(48000)
{20:52:25.781} INFO: [Audio]      > Channels(40)
{20:52:25.781} INFO: [Audio]      > Quality3D("high")
{20:52:25.781} INFO: [Audio]      > MaxVolume(40)
{20:52:25.781} INFO: [Audio]      > FXVolume(20)
{20:52:25.781} INFO: [Audio]      > WaveVolume(5)
{20:52:25.781} INFO: [Audio]      > SpeechVolume(15)
{20:52:25.781} INFO: [Audio]      > MovieVolume(40)
{20:52:25.781} INFO: [Audio]      > MovieVolumeSource(0)
{20:52:25.781} INFO: [Audio]      > GlobalSettings("")
{20:52:25.781} INFO: [Audio]      > ReverbChannels(1)
{20:52:25.781} INFO: [Audio]      > MixerBlocksCount(0)
{20:52:25.781} INFO: [Audio]      > 
{20:52:25.812} INFO: [ResPack]    > Free resource loading disabled
{20:52:38.211} INFO: [INFO]       > [Input] Keyboard 0 enumerated: intance_name = Teclado, product_name = Teclado, GUID = {6f1d2b61-d5a0-11cf-bfc7-444553540000}
{20:52:38.392} INFO: [INFO]       > [CInput::SelectKeyboard] Keyboard 0 selected: Teclado, Teclado
{20:52:38.734} INFO: [INFO]       > [SDL::InitSDL] InitSDL successed!
{20:52:39.022} INFO: [Game]       > Game version: 1.27.0
{20:52:39.029} DEBG: [DXGI]       > WM_SIZE 0, 1280x720
{20:52:39.029} DEBG: [DXGI]       > [RWinOnWmSize] requested 1280x720
{20:52:39.029} DEBG: [DXGI]       > [RWinOnWmSize] swapchain was 1280x720 windowed
{20:52:39.034} DEBG: [DXGI]       > [RWinOnWmSize] swapchain changed to 1280x720 windowed
{20:52:55.468} ERRR: [Parser]     > Param 0 in function ID() is not a string
{20:52:55.468} ERRR: [Parser]     > Param 0 in function ID() is not a string
{20:52:55.468} ERRR: [Parser]     > Param 0 in function ID() is not a string
{20:52:55.468} ERRR: [Parser]     > Param 0 in function ID() is not a string
{20:52:55.468} ERRR: [Parser]     > Param 0 in function ID() is not a string
{20:52:55.468} ERRR: [Parser]     > Param 0 in function ID() is not a string
{20:52:55.468} ERRR: [Parser]     > Param 0 in function Hidden() is not a string
{20:52:55.468} ERRR: [Parser]     > Param 0 in function ID() is not a string
{20:52:55.468} ERRR: [Parser]     > Param 0 in function ID() is not a string
{20:52:55.468} ERRR: [Parser]     > Param 0 in function Hidden() is not a string
{20:52:55.468} ERRR: [Parser]     > Param 0 in function ID() is not a string
{20:52:55.468} ERRR: [Parser]     > Param 0 in function Hidden() is not a string
{20:52:55.468} ERRR: [Parser]     > Param 0 in function ID() is not a string
{20:52:55.468} ERRR: [Parser]     > Param 0 in function ID() is not a string
{20:52:55.468} ERRR: [Parser]     > Param 0 in function ID() is not a string
{20:52:55.468} ERRR: [Parser]     > Param 0 in function ID() is not a string
{20:52:55.468} ERRR: [Parser]     > Param 0 in function ID() is not a string
{20:52:55.468} ERRR: [Parser]     > Param 0 in function ID() is not a string
{20:52:55.469} ERRR: [Parser]     > Param 0 in function ID() is not a string
{20:52:55.469} ERRR: [Parser]     > Param 0 in function ID() is not a string
{20:52:55.469} ERRR: [Parser]     > Param 0 in function ID() is not a string
{20:52:56.606} DEBG: [DXGI]       > [RChangeDeviceState] 1280x720, fullscreen, 60/1 Hz
{20:52:56.606} DEBG: [DXGI]       >                  was 1280x720, windowed, 60/1 Hz
{20:52:57.080} DEBG: [DXGI]       > WM_WINDOWPOSCHANGING 1280x720
{20:52:57.080} DEBG: [DXGI]       > WM_WINDOWPOSCHANGING overridden to 1280x720
{20:52:57.168} DEBG: [DXGI]       > WM_WINDOWPOSCHANGING 1280x720
{20:52:57.169} DEBG: [DXGI]       > WM_WINDOWPOSCHANGING overridden to 1280x720
{20:52:57.295} INFO: [Video]      > //Video settings:
{20:52:57.295} INFO: [Video]      > Resolution(1280,720)
{20:52:57.295} INFO: [Video]      > Fullscreen()
{20:52:57.295} INFO: [Video]      > Monitor(0)
{20:52:57.295} INFO: [Video]      > TextureQuality("Medium")
{20:52:57.295} INFO: [Video]      > VisRange(2.00, 2.00)
{20:52:57.295} INFO: [Video]      > ShadowMapSize(512)
{20:52:57.295} INFO: [Video]      > SpotShadowMapSize(512)
{20:52:57.295} INFO: [Video]      > GammaFloat(1.15)
{20:52:57.295} INFO: [Video]      > GrassQuality(1)
{20:52:57.295} INFO: [Video]      > AmbientOcclusion(0)
{20:52:57.295} INFO: [Video]      > MotionBlur(0)
{20:52:57.295} INFO: [Video]      > AntiAliasing(0)
{20:52:57.295} INFO: [Video]      > DisableDWM(1)
{20:52:57.295} INFO: [Video]      > 3dtvSettings(-0.150000, 0.000000)
{20:52:57.295} INFO: [Video]      > Version(1)
{20:53:01.115} DEBG: [DXGI]       > WM_WINDOWPOSCHANGING 1286x749
{20:53:01.115} DEBG: [DXGI]       > WM_WINDOWPOSCHANGING overridden to 1286x749
{20:53:12.286} DEBG: [DXGI]       > [RChangeDeviceState] 1280x720, fullscreen, 60/1 Hz
{20:53:12.286} DEBG: [DXGI]       >                  was 1280x720, fullscreen, 60/1 Hz
{20:53:12.516} DEBG: [DXGI]       > WM_SIZE 0, 1286x749
{20:53:12.516} DEBG: [DXGI]       > [RWinOnWmSize] requested 1286x749
{20:53:12.516} DEBG: [DXGI]       > [RWinOnWmSize] swapchain was 1280x720 windowed
{20:53:12.530} DEBG: [DXGI]       > [RWinOnWmSize] swapchain changed to 1286x749 windowed
{20:53:12.641} DEBG: [DXGI]       > WM_WINDOWPOSCHANGING 1280x720
{20:53:12.641} DEBG: [DXGI]       > WM_WINDOWPOSCHANGING overridden to 1280x720
{20:53:12.653} DEBG: [DXGI]       > WM_SIZE 0, 1280x720
{20:53:12.653} DEBG: [DXGI]       > [RWinOnWmSize] requested 1280x720
{20:53:12.653} DEBG: [DXGI]       > [RWinOnWmSize] swapchain was 1286x749 fullscreen
{20:53:12.692} DEBG: [DXGI]       > [RWinOnWmSize] swapchain changed to 1280x720 fullscreen
{20:53:12.768} DEBG: [DXGI]       > WM_WINDOWPOSCHANGING 1280x720
{20:53:12.768} DEBG: [DXGI]       > WM_WINDOWPOSCHANGING overridden to 1280x720
{20:53:12.864} INFO: [Video]      > //Video settings:
{20:53:12.864} INFO: [Video]      > Resolution(1280,720)
{20:53:12.864} INFO: [Video]      > Fullscreen()
{20:53:12.864} INFO: [Video]      > Monitor(0)
{20:53:12.864} INFO: [Video]      > TextureQuality("Medium")
{20:53:12.864} INFO: [Video]      > VisRange(2.00, 2.00)
{20:53:12.864} INFO: [Video]      > ShadowMapSize(512)
{20:53:12.864} INFO: [Video]      > SpotShadowMapSize(512)
{20:53:12.864} INFO: [Video]      > GammaFloat(1.15)
{20:53:12.864} INFO: [Video]      > GrassQuality(1)
{20:53:12.864} INFO: [Video]      > AmbientOcclusion(0)
{20:53:12.864} INFO: [Video]      > MotionBlur(0)
{20:53:12.864} INFO: [Video]      > AntiAliasing(0)
{20:53:12.864} INFO: [Video]      > DisableDWM(1)
{20:53:12.864} INFO: [Video]      > 3dtvSettings(-0.150000, 0.000000)
{20:53:12.864} INFO: [Video]      > Version(1)
{20:53:27.175} ERRR: [RTTI]       > ERROR in preset file humanai_dlc39.pre --- duplicated preset name enc_gaas_oldtown_new_enemy_02 in group Character
{20:53:27.175} ERRR: [RTTI]       > ERROR in preset file humanai_dlc39.pre --- duplicated preset name Volatile_Final in group Character
{20:53:27.186} ERRR: [RTTI]       > ERROR in preset file physicalswitchdi_dlc17.pre --- duplicated preset name IT_crate_opening in group Type
{20:53:29.016} ERRR: [Parser]     > Param 0 in function BySpikes() is not a bool
{20:53:29.461} ERRR: [Quests]     > [65535] [Quests::QuestManager::ReadFileDefinitions] There aren't any root nodes in the file - probably invalid xml contents
{20:53:29.461} ERRR: [Quests]     > [65535] Failed reading quest definition from file data/quests/stadium/stadium_arena2_quest.xml
{20:53:30.911} ERRR: [Quests]     > [65535] [Quests::QuestManager::ReadFileDefinitions] There aren't any root nodes in the file - probably invalid xml contents
{20:53:30.911} ERRR: [Quests]     > [65535] Failed reading quest definition from file data/quests/stadium/stadium_arena2_quest.xml
{20:53:40.006} ERRR: [Parser]     > Param 0 in function ID() is not a string
{20:53:40.006} ERRR: [Parser]     > Param 0 in function ID() is not a string
{20:53:40.006} ERRR: [Parser]     > Param 0 in function ID() is not a string
{20:53:40.006} ERRR: [Parser]     > Param 0 in function ID() is not a string
{20:53:40.006} ERRR: [Parser]     > Param 0 in function ID() is not a string
{20:53:40.006} ERRR: [Parser]     > Param 0 in function ID() is not a string
{20:53:40.006} ERRR: [Parser]     > Param 0 in function Hidden() is not a string
{20:53:40.006} ERRR: [Parser]     > Param 0 in function ID() is not a string
{20:53:40.006} ERRR: [Parser]     > Param 0 in function ID() is not a string
{20:53:40.006} ERRR: [Parser]     > Param 0 in function Hidden() is not a string
{20:53:40.006} ERRR: [Parser]     > Param 0 in function ID() is not a string
{20:53:40.006} ERRR: [Parser]     > Param 0 in function Hidden() is not a string
{20:53:40.006} ERRR: [Parser]     > Param 0 in function ID() is not a string
{20:53:40.006} ERRR: [Parser]     > Param 0 in function ID() is not a string
{20:53:40.006} ERRR: [Parser]     > Param 0 in function ID() is not a string
{20:53:40.006} ERRR: [Parser]     > Param 0 in function ID() is not a string
{20:53:40.006} ERRR: [Parser]     > Param 0 in function ID() is not a string
{20:53:40.006} ERRR: [Parser]     > Param 0 in function ID() is not a string
{20:53:40.006} ERRR: [Parser]     > Param 0 in function ID() is not a string
{20:53:40.006} ERRR: [Parser]     > Param 0 in function ID() is not a string
{20:53:40.006} ERRR: [Parser]     > Param 0 in function ID() is not a string
{20:54:51.972} INFO: [INFO]       > ---------------------------------------------------------
{20:54:51.972} INFO: [INFO]       > Time of playing game: 151.249054s
{20:54:51.972} INFO: [INFO]       > Updated frames: 21203 Rendered frames: 20439
{20:54:51.972} INFO: [INFO]       > Average FPS: 135.134735
{20:54:51.972} INFO: [INFO]       > ---------------------------------------------------------
{20:54:52.125} ERRR: [ERRR]       > [CUITextureManager::Destroy] referenced texture definition 1 [file_name=<menu_buttons.dds> engine_id=<btn_cornerLT> script_id=<11> m_rRect=<0.000000,0.000000,58.000000,64.000000> m_iRefCount=1]
{20:54:52.125} ERRR: [ERRR]       > [CUITextureManager::Destroy] referenced texture definition 1 [file_name=<menu_frames.dds> engine_id=<btn_cornerLT_sel> script_id=<11> m_rRect=<0.000000,0.000000,64.000000,64.000000> m_iRefCount=1]
{20:54:52.125} ERRR: [ERRR]       > [CUITextureManager::Destroy] referenced texture definition 1 [file_name=<menu_buttons.dds> engine_id=<btn_cornerRT> script_id=<11> m_rRect=<199.000000,0.000000,256.000000,64.000000> m_iRefCount=1]
{20:54:52.125} ERRR: [ERRR]       > [CUITextureManager::Destroy] referenced texture definition 1 [file_name=<menu_frames.dds> engine_id=<btn_cornerRT_sel> script_id=<11> m_rRect=<192.000000,0.000000,256.000000,64.000000> m_iRefCount=1]
{20:54:52.125} ERRR: [ERRR]       > [CUITextureManager::Destroy] referenced texture definition 1 [file_name=<menu_buttons.dds> engine_id=<btn_top> script_id=<11> m_rRect=<58.000000,0.000000,198.000000,64.000000> m_iRefCount=1]
{20:54:52.125} ERRR: [ERRR]       > [CUITextureManager::Destroy] referenced texture definition 1 [file_name=<menu_frames.dds> engine_id=<btn_top_sel> script_id=<11> m_rRect=<64.000000,0.000000,191.000000,64.000000> m_iRefCount=1]
{20:54:52.303} ERRR: [ERRR]       > [CUITextureManager::Destroy] referenced texture definition 2 [file_name=<menu_buttons.dds> engine_id=<btn_cornerLT> script_id=<3> m_rRect=<0.000000,0.000000,58.000000,64.000000> m_iRefCount=2]
{20:54:52.303} ERRR: [ERRR]       > [CUITextureManager::Destroy] referenced texture definition 2 [file_name=<menu_frames.dds> engine_id=<btn_cornerLT_sel> script_id=<3> m_rRect=<0.000000,0.000000,64.000000,64.000000> m_iRefCount=2]
{20:54:52.303} ERRR: [ERRR]       > [CUITextureManager::Destroy] referenced texture definition 2 [file_name=<menu_buttons.dds> engine_id=<btn_cornerRT> script_id=<3> m_rRect=<199.000000,0.000000,256.000000,64.000000> m_iRefCount=2]
{20:54:52.303} ERRR: [ERRR]       > [CUITextureManager::Destroy] referenced texture definition 2 [file_name=<menu_frames.dds> engine_id=<btn_cornerRT_sel> script_id=<3> m_rRect=<192.000000,0.000000,256.000000,64.000000> m_iRefCount=2]
{20:54:52.303} ERRR: [ERRR]       > [CUITextureManager::Destroy] referenced texture definition 2 [file_name=<menu_buttons.dds> engine_id=<btn_top> script_id=<3> m_rRect=<58.000000,0.000000,198.000000,64.000000> m_iRefCount=2]
{20:54:52.303} ERRR: [ERRR]       > [CUITextureManager::Destroy] referenced texture definition 2 [file_name=<menu_frames.dds> engine_id=<btn_top_sel> script_id=<3> m_rRect=<64.000000,0.000000,191.000000,64.000000> m_iRefCount=2]
{20:54:53.661} INFO: [Renderer]   > [r_Shutdown] Dll released
